[Main] BURVIK side table, white, 38 cm (15") - IKEA CA | 1 offers | Best: $0.00 CAD
[Alt] VASAGLE Side Table, End Table with Shelf | 0 offers | Best: $0.00 CAD
[Alt] Winsome Wood End Table, White | 0 offers | Best: $0.00 CAD
[Main] ceiling mounted projector | 1 offers | Best: $0.00 CAD
[Alt] LG HU85LA CineBeam | 0 offers | Best: $0.00 CAD
[Alt] Samsung LSP9T Premiere | 0 offers | Best: $0.00 CAD
[Main] EB-PU1006W WUXGA 3LCD Laser Projector with 4K Enhancement ... | 8 offers | Best: $11037.36 CAD
[Alt] Epson LS11000 | 21 offers | Best: $4199.99 CAD
[Alt] Anker Nebula Cosmos | 40 offers | Best: $1899.99 CAD
[Main] EB-PU1006W WUXGA 3LCD Laser Projector with 4K Enhancement ... | 8 offers | Best: $11037.36 CAD
[Alt] Epson LS11000 | 21 offers | Best: $4199.99 CAD
[Alt] Anker Nebula Cosmos | 40 offers | Best: $1899.99 CAD
[Main] GLAMBERGET extendable bed with storage, pine, Twin/Full ... | 1 offers | Best: $499.00 CAD
[Alt] DHP Emily Futon Sofa Bed with Storage Drawers | 2 offers | Best: $681.80 CAD
[Alt] South Shore Step One Mates Bed with Drawers | 40 offers | Best: $292.97 CAD
[Alt] Saucony Kinvara 14 | 40 offers | Best: $80.00 CAD
[Alt] Brooks Ghost 15 | 40 offers | Best: $143.99 CAD
[Main] 8 Jjk ideas | jujutsu, anime, anime guys | 40 offers | Best: $25.99 CAD
[Alt] Attack on Titan - Eren Yeager Titan Form Figure | 40 offers | Best: $32.99 CAD
[Alt] My Hero Academia - Katsuki Bakugo Action Figure | 40 offers | Best: $34.99 CAD
[Main] EB-PU1006W WUXGA 3LCD Laser Projector with 4K Enhancement ... | 8 offers | Best: $11037.36 CAD
[Alt] Panasonic PT-MZ770 | 6 offers | Best: $7783.86 CAD
[Alt] Christie DWU850-GS | 7 offers | Best: $17921.16 CAD
[Alt] Christie DWU850-GS | 7 offers | Best: $17921.16 CAD
[Alt] Panasonic PT-MZ770 | 6 offers | Best: $7783.86 CAD
[Alt] Brooks Ghost 15 | 40 offers | Best: $143.99 CAD
[Alt] Saucony Kinvara 14 | 40 offers | Best: $80.00 CAD
[Main] mechanical keyboard switch | 1 offers | Best: $0.00 CAD
[Alt] Cherry MX Brown | 0 offers | Best: $0.00 CAD
[Alt] Gateron Ink Black V2 | 0 offers | Best: $0.00 CAD
[Main] keyboard | 1 offers | Best: $0.00 CAD
[Alt] Apple Magic Keyboard | 0 offers | Best: $0.00 CAD
[Alt] Logitech MX Keys Mini | 0 offers | Best: $0.00 CAD
[Main] GLAMBERGET extendable bed with storage, pine, Twin/Full ... | 1 offers | Best: $499.00 CAD
[Alt] Delta Children Epicenter Twin Bed with Storage | 5 offers | Best: $549.99 CAD
[Alt] DHP Junior Twin Metal Loft Bed with Slide | 3 offers | Best: $287.38 CAD
[Main] GLAMBERGET extendable bed with storage, pine, Twin/Full ... | 1 offers | Best: $499.00 CAD
[Alt] DHP Emily Futon Sofa Bed with Storage Drawers | 2 offers | Best: $681.80 CAD
[Alt] South Shore Step One Mates Bed with Drawers | 40 offers | Best: $292.97 CAD
[Main] GLAMBERGET extendable bed with storage, pine, Twin/Full ... | 1 offers | Best: $499.00 CAD
[Alt] DHP Emily Futon Sofa Bed with Storage Drawers | 2 offers | Best: $681.80 CAD
[Alt] South Shore Step One Mates Bed with Drawers | 40 offers | Best: $292.97 CAD
[Main] GLAMBERGET extendable bed with storage, pine, Twin/Full ... | 1 offers | Best: $499.00 CAD
[Alt] South Shore Step One Mates Bed with Drawers | 40 offers | Best: $292.97 CAD
[Alt] DHP Emily Futon Sofa Bed with Chrome Legs | 1 offers | Best: $681.80 CAD
[Main] GLAMBERGET extendable bed with storage, pine, Twin/Full ... | 1 offers | Best: $499.00 CAD
[Alt] DHP Emily Futon Sofa Bed with Storage Drawers | 2 offers | Best: $681.80 CAD
[Alt] South Shore Step One Mates Bed with Drawers | 40 offers | Best: $292.97 CAD
[Main] GULLSUDARE / HAVSDJUP pendant lamp, white, 70 cm (271/2 ... | 1 offers | Best: $9.99 CAD
[Alt] Philips Hue White Ambiance Fair Pendant | 3 offers | Best: $479.47 CAD
[Alt] Umage Eos Large White Feather Lamp | 40 offers | Best: $509.70 CAD
[Main] GLAMBERGET extendable bed with storage, pine, Twin/Full ... | 1 offers | Best: $499.00 CAD
[Alt] DHP Junior Twin Metal Loft Bed with Slide | 3 offers | Best: $287.38 CAD
[Alt] Delta Children Blair Convertible Crib | 4 offers | Best: $200.00 CAD
[Main] Nothing Phone (2) – 256 GB + 12 GB RAM, Glyph Interface ... | 9 offers | Best: $1220.75 CAD
[Alt] Samsung Galaxy A54 5G | 40 offers | Best: $285.89 CAD
[Alt] Google Pixel 7 | 40 offers | Best: $276.99 CAD
[Main] Apple iPhone 14 Pro 128GB Unlocked Smartphone (Deep Purple ... | 12 offers | Best: $624.99 CAD
[Alt] Google Pixel 7 Pro 128GB Unlocked | 40 offers | Best: $449.00 CAD
[Alt] Samsung Galaxy S23 Ultra 256GB Unlocked | 40 offers | Best: $579.99 CAD
[Main] Nestle pure life bottled purified water, 16.9 ounce bottles ... | 13 offers | Best: $88.50 CAD
[Alt] Dasani Purified Water, 16.9 oz Bottles | 19 offers | Best: $49.99 CAD
[Alt] Aquafina Purified Drinking Water, 16.9 oz Bottles | 24 offers | Best: $29.99 CAD
